# JRE version: OpenJDK Runtime Environment Microsoft-14631665 (11.0.32+9) (build 11.0.32+9-LTS)
# Java VM: OpenJDK 64-Bit Server VM Microsoft-14631665 (11.0.32+9-LTS, mixed mode, sharing, tiered, compressed oops, g1 gc, windows-amd64)
Heap:
 garbage-first heap   total 618496K, used 430889K [0x000000060a000000, 0x0000000800000000)
  region size 2048K, 85 young (174080K), 1 survivors (2048K)
 Metaspace       used 94621K, capacity 98438K, committed 98680K, reserved 1136640K
  class space    used 9292K, capacity 10833K, committed 10880K, reserved 1048576K
GC Heap History (20 events):
Event: 298.037 GC heap before
{Heap before GC invocations=50 (full 0):
 garbage-first heap   total 618496K, used 545407K [0x000000060a000000, 0x0000000800000000)
  region size 2048K, 141 young (288768K), 2 survivors (4096K)
 Metaspace       used 94330K, capacity 98144K, committed 98424K, reserved 1136640K
  class space    used 9290K, capacity 10833K, committed 10880K, reserved 1048576K
}
Event: 298.041 GC heap after
{Heap after GC invocations=51 (full 0):
 garbage-first heap   total 618496K, used 260989K [0x000000060a000000, 0x0000000800000000)
  region size 2048K, 2 young (4096K), 2 survivors (4096K)
 Metaspace       used 94330K, capacity 98144K, committed 98424K, reserved 1136640K
  class space    used 9290K, capacity 10833K, committed 10880K, reserved 1048576K
}
Event: 305.361 GC heap before
{Heap before GC invocations=51 (full 0):
 garbage-first heap   total 618496K, used 545661K [0x000000060a000000, 0x0000000800000000)
  region size 2048K, 141 young (288768K), 2 survivors (4096K)
 Metaspace       used 94340K, capacity 98144K, committed 98424K, reserved 1136640K
  class space    used 9290K, capacity 10833K, committed 10880K, reserved 1048576K
}
Event: 305.365 GC heap after
{Heap after GC invocations=52 (full 0):
 garbage-first heap   total 618496K, used 260634K [0x000000060a000000, 0x0000000800000000)
  region size 2048K, 1 young (2048K), 1 survivors (2048K)
 Metaspace       used 94340K, capacity 98144K, committed 98424K, reserved 1136640K
  class space    used 9290K, capacity 10833K, committed 10880K, reserved 1048576K
}
Event: 312.701 GC heap before
{Heap before GC invocations=52 (full 0):
 garbage-first heap   total 618496K, used 545306K [0x000000060a000000, 0x0000000800000000)
  region size 2048K, 140 young (286720K), 1 survivors (2048K)
 Metaspace       used 94344K, capacity 98144K, committed 98424K, reserved 1136640K
  class space    used 9290K, capacity 10833K, committed 10880K, reserved 1048576K
}
Event: 312.705 GC heap after
{Heap after GC invocations=53 (full 0):
 garbage-first heap   total 618496K, used 260634K [0x000000060a000000, 0x0000000800000000)
  region size 2048K, 1 young (2048K), 1 survivors (2048K)
 Metaspace       used 94344K, capacity 98144K, committed 98424K, reserved 1136640K
  class space    used 9290K, capacity 10833K, committed 10880K, reserved 1048576K
}
Event: 320.040 GC heap before
{Heap before GC invocations=53 (full 0):
 garbage-first heap   total 618496K, used 545306K [0x000000060a000000, 0x0000000800000000)
  region size 2048K, 140 young (286720K), 1 survivors (2048K)
 Metaspace       used 94355K, capacity 98145K, committed 98424K, reserved 1136640K
  class space    used 9291K, capacity 10833K, committed 10880K, reserved 1048576K
}
Event: 320.045 GC heap after
{Heap after GC invocations=54 (full 0):
 garbage-first heap   total 618496K, used 260783K [0x000000060a000000, 0x0000000800000000)
  region size 2048K, 1 young (2048K), 1 survivors (2048K)
 Metaspace       used 94355K, capacity 98145K, committed 98424K, reserved 1136640K
  class space    used 9291K, capacity 10833K, committed 10880K, reserved 1048576K
}
Event: 327.398 GC heap before
{Heap before GC invocations=54 (full 0):
 garbage-first heap   total 618496K, used 545455K [0x000000060a000000, 0x0000000800000000)
  region size 2048K, 140 young (286720K), 1 survivors (2048K)
 Metaspace       used 94358K, capacity 98145K, committed 98424K, reserved 1136640K
  class space    used 9291K, capacity 10833K, committed 10880K, reserved 1048576K
}
Event: 327.402 GC heap after
{Heap after GC invocations=55 (full 0):
 garbage-first heap   total 618496K, used 260639K [0x000000060a000000, 0x0000000800000000)
  region size 2048K, 1 young (2048K), 1 survivors (2048K)
 Metaspace       used 94358K, capacity 98145K, committed 98424K, reserved 1136640K
  class space    used 9291K, capacity 10833K, committed 10880K, reserved 1048576K
}
Event: 334.702 GC heap before
{Heap before GC invocations=55 (full 0):
 garbage-first heap   total 618496K, used 545311K [0x000000060a000000, 0x0000000800000000)
  region size 2048K, 140 young (286720K), 1 survivors (2048K)
 Metaspace       used 94371K, capacity 98145K, committed 98424K, reserved 1136640K
  class space    used 9291K, capacity 10833K, committed 10880K, reserved 1048576K
}
Event: 334.707 GC heap after
{Heap after GC invocations=56 (full 0):
 garbage-first heap   total 618496K, used 260729K [0x000000060a000000, 0x0000000800000000)
  region size 2048K, 1 young (2048K), 1 survivors (2048K)
 Metaspace       used 94371K, capacity 98145K, committed 98424K, reserved 1136640K
  class space    used 9291K, capacity 10833K, committed 10880K, reserved 1048576K
}
Event: 342.015 GC heap before
{Heap before GC invocations=56 (full 0):
 garbage-first heap   total 618496K, used 545401K [0x000000060a000000, 0x0000000800000000)
  region size 2048K, 140 young (286720K), 1 survivors (2048K)
 Metaspace       used 94378K, capacity 98145K, committed 98424K, reserved 1136640K
  class space    used 9292K, capacity 10833K, committed 10880K, reserved 1048576K
}
Event: 342.019 GC heap after
{Heap after GC invocations=57 (full 0):
 garbage-first heap   total 618496K, used 260740K [0x000000060a000000, 0x0000000800000000)
  region size 2048K, 1 young (2048K), 1 survivors (2048K)
 Metaspace       used 94378K, capacity 98145K, committed 98424K, reserved 1136640K
  class space    used 9292K, capacity 10833K, committed 10880K, reserved 1048576K
}
Event: 349.308 GC heap before
{Heap before GC invocations=57 (full 0):
 garbage-first heap   total 618496K, used 545412K [0x000000060a000000, 0x0000000800000000)
  region size 2048K, 140 young (286720K), 1 survivors (2048K)
 Metaspace       used 94381K, capacity 98209K, committed 98424K, reserved 1136640K
  class space    used 9292K, capacity 10833K, committed 10880K, reserved 1048576K
}
Event: 349.310 GC heap after
{Heap after GC invocations=58 (full 0):
 garbage-first heap   total 618496K, used 261052K [0x000000060a000000, 0x0000000800000000)
  region size 2048K, 2 young (4096K), 2 survivors (4096K)
 Metaspace       used 94381K, capacity 98209K, committed 98424K, reserved 1136640K
  class space    used 9292K, capacity 10833K, committed 10880K, reserved 1048576K
}
Event: 356.581 GC heap before
{Heap before GC invocations=58 (full 0):
 garbage-first heap   total 618496K, used 545724K [0x000000060a000000, 0x0000000800000000)
  region size 2048K, 141 young (288768K), 2 survivors (4096K)
 Metaspace       used 94600K, capacity 98438K, committed 98680K, reserved 1136640K
  class space    used 9292K, capacity 10833K, committed 10880K, reserved 1048576K
}
Event: 356.586 GC heap after
{Heap after GC invocations=59 (full 0):
 garbage-first heap   total 618496K, used 260848K [0x000000060a000000, 0x0000000800000000)
  region size 2048K, 1 young (2048K), 1 survivors (2048K)
 Metaspace       used 94600K, capacity 98438K, committed 98680K, reserved 1136640K
  class space    used 9292K, capacity 10833K, committed 10880K, reserved 1048576K
}
Event: 363.881 GC heap before
{Heap before GC invocations=59 (full 0):
 garbage-first heap   total 618496K, used 545520K [0x000000060a000000, 0x0000000800000000)
  region size 2048K, 140 young (286720K), 1 survivors (2048K)
 Metaspace       used 94621K, capacity 98438K, committed 98680K, reserved 1136640K
  class space    used 9292K, capacity 10833K, committed 10880K, reserved 1048576K
}
Event: 363.885 GC heap after
{Heap after GC invocations=60 (full 0):
 garbage-first heap   total 618496K, used 260905K [0x000000060a000000, 0x0000000800000000)
  region size 2048K, 1 young (2048K), 1 survivors (2048K)
 Metaspace       used 94621K, capacity 98438K, committed 98680K, reserved 1136640K
  class space    used 9292K, capacity 10833K, committed 10880K, reserved 1048576K
}

